The request analysis.updateContent failed with the following error:
RequestErrorCode.PLUGIN_ERROR
A request threw the exception:PathNotFoundException(path=/Users/bartek/projects/uni/packages/uni_app/lib/view/common_widgets/toast_message.dart; message=Cannot retrieve modification time)
#0      _PhysicalFile.modificationStamp (package:analyzer/file_system/physical_file_system.dart:124:7)
#1      _OverlayFile.modificationStamp (package:analyzer/file_system/overlay_file_system.dart:149:18)
#2      FileSource.contentsFromFile (package:analyzer/src/source/source_resource.dart:65:14)
#3      FileSource.contents (package:analyzer/src/source/source_resource.dart:52:12)
#4      ExpectLint.run (package:custom_lint_builder/src/expect_lint.dart:34:23)
#5      _ClientAnalyzerPlugin.analyzeFile.<anonymous closure> (package:custom_lint_builder/src/client.dart:935:41)
<asynchronous suspension>
#6      _ClientAnalyzerPlugin._runOperation (package:custom_lint_builder/src/client.dart:1076:14)
<asynchronous suspension>
#7      _ClientAnalyzerPlugin.analyzeFile (package:custom_lint_builder/src/client.dart:888:5)
<asynchronous suspension>
#8      ServerPlugin.analyzeFiles (package:analyzer_plugin/plugin/plugin.dart:111:7)
<asynchronous suspension>
#9      ServerPlugin.handleAffectedFiles (package:analyzer_plugin/plugin/plugin.dart:211:5)
<asynchronous suspension>
#10     ServerPlugin.contentChanged.<anonymous closure> (package:analyzer_plugin/plugin/plugin.dart:141:9)
<asynchronous suspension>
#11     ServerPlugin._forAnalysisContexts (package:analyzer_plugin/plugin/plugin.dart:510:9)
<asynchronous suspension>
#12     ServerPlugin.contentChanged (package:analyzer_plugin/plugin/plugin.dart:136:7)
<asynchronous suspension>
#13     ServerPlugin.handleAnalysisUpdateContent (package:analyzer_plugin/plugin/plugin.dart:353:5)
<asynchronous suspension>
#14     ServerPlugin._getResponse (package:analyzer_plugin/plugin/plugin.dart:548:18)
<asynchronous suspension>
#15     ServerPlugin._onRequest (package:analyzer_plugin/plugin/plugin.dart:599:18)
<asynchronous suspension>

at:
#0      SocketCustomLintServerToClientChannel.sendCustomLintRequest.<anonymous closure> (package:custom_lint/src/v2/server_to_client_channel.dart:268:11)
#1      _$CustomLintResponseAnalyzerPluginResponseImpl.map (package:custom_lint/src/v2/protocol.freezed.dart:928:34)
#2      SocketCustomLintServerToClientChannel.sendCustomLintRequest (package:custom_lint/src/v2/server_to_client_channel.dart:262:14)
<asynchronous suspension>
#3      SocketCustomLintServerToClientChannel.sendAnalyzerPluginRequest (package:custom_lint/src/v2/server_to_client_channel.dart:234:22)
<asynchronous suspension>
#4      CustomLintServer._handleRequest.<anonymous closure>.<anonymous closure> (package:custom_lint/src/v2/custom_lint_analyzer_plugin.dart:188:17)
<asynchronous suspension>
#5      PendingOperation.run (package:custom_lint/src/async_operation.dart:22:14)
<asynchronous suspension>
#6      CustomLintServer._handleRequest (package:custom_lint/src/v2/custom_lint_analyzer_plugin.dart:171:22)
<asynchronous suspension>

