The request analysis.setContextRoots failed with the following error:
RequestErrorCode.PLUGIN_ERROR
The plugin uni_lint was not found in the package config at /home/pinho/Repos/uni/packages/uni_ui. Make sure to run `pub get` first.
at:
#0      CustomLintProject.parse.<anonymous closure> (package:custom_lint/src/workspace.dart:932:11)
#1      MappedIterator.moveNext (dart:_internal/iterable.dart:403:20)
#2      Future.wait (dart:async/future.dart:532:26)
#3      CustomLintProject.parse (package:custom_lint/src/workspace.dart:927:34)
<asynchronous suspension>
#4      Future.wait.<anonymous closure> (dart:async/future.dart:534:21)
<asynchronous suspension>
#5      CustomLintWorkspace.fromContextRoots (package:custom_lint/src/workspace.dart:505:22)
<asynchronous suspension>
#6      SocketCustomLintServerToClientChannel.create (package:custom_lint/src/v2/server_to_client_channel.dart:54:23)
<asynchronous suspension>
#7      CustomLintServer._maybeSpawnCustomLintPlugin (package:custom_lint/src/v2/custom_lint_analyzer_plugin.dart:360:23)
<asynchronous suspension>
#8      CustomLintServer._handleAnalysisSetContextRoots.<anonymous closure> (package:custom_lint/src/v2/custom_lint_analyzer_plugin.dart:341:9)
<asynchronous suspension>
#9      PendingOperation.run (package:custom_lint/src/async_operation.dart:22:14)
<asynchronous suspension>
#10     CustomLintServer._handleRequest (package:custom_lint/src/v2/custom_lint_analyzer_plugin.dart:173:22)
<asynchronous suspension>

The request analysis.setSubscriptions failed with the following error:
RequestErrorCode.PLUGIN_ERROR
The plugin uni_lint was not found in the package config at /home/pinho/Repos/uni/packages/uni_ui. Make sure to run `pub get` first.
at:
#0      CustomLintProject.parse.<anonymous closure> (package:custom_lint/src/workspace.dart:932:11)
#1      MappedIterator.moveNext (dart:_internal/iterable.dart:403:20)
#2      Future.wait (dart:async/future.dart:532:26)
#3      CustomLintProject.parse (package:custom_lint/src/workspace.dart:927:34)
<asynchronous suspension>
#4      Future.wait.<anonymous closure> (dart:async/future.dart:534:21)
<asynchronous suspension>
#5      CustomLintWorkspace.fromContextRoots (package:custom_lint/src/workspace.dart:505:22)
<asynchronous suspension>
#6      SocketCustomLintServerToClientChannel.create (package:custom_lint/src/v2/server_to_client_channel.dart:54:23)
<asynchronous suspension>
#7      CustomLintServer._maybeSpawnCustomLintPlugin (package:custom_lint/src/v2/custom_lint_analyzer_plugin.dart:360:23)
<asynchronous suspension>
#8      CustomLintServer._handleAnalysisSetContextRoots.<anonymous closure> (package:custom_lint/src/v2/custom_lint_analyzer_plugin.dart:341:9)
<asynchronous suspension>
#9      PendingOperation.run (package:custom_lint/src/async_operation.dart:22:14)
<asynchronous suspension>
#10     CustomLintServer._handleRequest (package:custom_lint/src/v2/custom_lint_analyzer_plugin.dart:173:22)
<asynchronous suspension>

The request analysis.setPriorityFiles failed with the following error:
RequestErrorCode.PLUGIN_ERROR
The plugin uni_lint was not found in the package config at /home/pinho/Repos/uni/packages/uni_ui. Make sure to run `pub get` first.
at:
#0      CustomLintProject.parse.<anonymous closure> (package:custom_lint/src/workspace.dart:932:11)
#1      MappedIterator.moveNext (dart:_internal/iterable.dart:403:20)
#2      Future.wait (dart:async/future.dart:532:26)
#3      CustomLintProject.parse (package:custom_lint/src/workspace.dart:927:34)
<asynchronous suspension>
#4      Future.wait.<anonymous closure> (dart:async/future.dart:534:21)
<asynchronous suspension>
#5      CustomLintWorkspace.fromContextRoots (package:custom_lint/src/workspace.dart:505:22)
<asynchronous suspension>
#6      SocketCustomLintServerToClientChannel.create (package:custom_lint/src/v2/server_to_client_channel.dart:54:23)
<asynchronous suspension>
#7      CustomLintServer._maybeSpawnCustomLintPlugin (package:custom_lint/src/v2/custom_lint_analyzer_plugin.dart:360:23)
<asynchronous suspension>
#8      CustomLintServer._handleAnalysisSetContextRoots.<anonymous closure> (package:custom_lint/src/v2/custom_lint_analyzer_plugin.dart:341:9)
<asynchronous suspension>
#9      PendingOperation.run (package:custom_lint/src/async_operation.dart:22:14)
<asynchronous suspension>
#10     CustomLintServer._handleRequest (package:custom_lint/src/v2/custom_lint_analyzer_plugin.dart:173:22)
<asynchronous suspension>

The request analysis.setPriorityFiles failed with the following error:
RequestErrorCode.PLUGIN_ERROR
The plugin uni_lint was not found in the package config at /home/pinho/Repos/uni/packages/uni_ui. Make sure to run `pub get` first.
at:
#0      CustomLintProject.parse.<anonymous closure> (package:custom_lint/src/workspace.dart:932:11)
#1      MappedIterator.moveNext (dart:_internal/iterable.dart:403:20)
#2      Future.wait (dart:async/future.dart:532:26)
#3      CustomLintProject.parse (package:custom_lint/src/workspace.dart:927:34)
<asynchronous suspension>
#4      Future.wait.<anonymous closure> (dart:async/future.dart:534:21)
<asynchronous suspension>
#5      CustomLintWorkspace.fromContextRoots (package:custom_lint/src/workspace.dart:505:22)
<asynchronous suspension>
#6      SocketCustomLintServerToClientChannel.create (package:custom_lint/src/v2/server_to_client_channel.dart:54:23)
<asynchronous suspension>
#7      CustomLintServer._maybeSpawnCustomLintPlugin (package:custom_lint/src/v2/custom_lint_analyzer_plugin.dart:360:23)
<asynchronous suspension>
#8      CustomLintServer._handleAnalysisSetContextRoots.<anonymous closure> (package:custom_lint/src/v2/custom_lint_analyzer_plugin.dart:341:9)
<asynchronous suspension>
#9      PendingOperation.run (package:custom_lint/src/async_operation.dart:22:14)
<asynchronous suspension>
#10     CustomLintServer._handleRequest (package:custom_lint/src/v2/custom_lint_analyzer_plugin.dart:173:22)
<asynchronous suspension>

The request analysis.setSubscriptions failed with the following error:
RequestErrorCode.PLUGIN_ERROR
The plugin uni_lint was not found in the package config at /home/pinho/Repos/uni/packages/uni_ui. Make sure to run `pub get` first.
at:
#0      CustomLintProject.parse.<anonymous closure> (package:custom_lint/src/workspace.dart:932:11)
#1      MappedIterator.moveNext (dart:_internal/iterable.dart:403:20)
#2      Future.wait (dart:async/future.dart:532:26)
#3      CustomLintProject.parse (package:custom_lint/src/workspace.dart:927:34)
<asynchronous suspension>
#4      Future.wait.<anonymous closure> (dart:async/future.dart:534:21)
<asynchronous suspension>
#5      CustomLintWorkspace.fromContextRoots (package:custom_lint/src/workspace.dart:505:22)
<asynchronous suspension>
#6      SocketCustomLintServerToClientChannel.create (package:custom_lint/src/v2/server_to_client_channel.dart:54:23)
<asynchronous suspension>
#7      CustomLintServer._maybeSpawnCustomLintPlugin (package:custom_lint/src/v2/custom_lint_analyzer_plugin.dart:360:23)
<asynchronous suspension>
#8      CustomLintServer._handleAnalysisSetContextRoots.<anonymous closure> (package:custom_lint/src/v2/custom_lint_analyzer_plugin.dart:341:9)
<asynchronous suspension>
#9      PendingOperation.run (package:custom_lint/src/async_operation.dart:22:14)
<asynchronous suspension>
#10     CustomLintServer._handleRequest (package:custom_lint/src/v2/custom_lint_analyzer_plugin.dart:173:22)
<asynchronous suspension>

The request analysis.setPriorityFiles failed with the following error:
RequestErrorCode.PLUGIN_ERROR
The plugin uni_lint was not found in the package config at /home/pinho/Repos/uni/packages/uni_ui. Make sure to run `pub get` first.
at:
#0      CustomLintProject.parse.<anonymous closure> (package:custom_lint/src/workspace.dart:932:11)
#1      MappedIterator.moveNext (dart:_internal/iterable.dart:403:20)
#2      Future.wait (dart:async/future.dart:532:26)
#3      CustomLintProject.parse (package:custom_lint/src/workspace.dart:927:34)
<asynchronous suspension>
#4      Future.wait.<anonymous closure> (dart:async/future.dart:534:21)
<asynchronous suspension>
#5      CustomLintWorkspace.fromContextRoots (package:custom_lint/src/workspace.dart:505:22)
<asynchronous suspension>
#6      SocketCustomLintServerToClientChannel.create (package:custom_lint/src/v2/server_to_client_channel.dart:54:23)
<asynchronous suspension>
#7      CustomLintServer._maybeSpawnCustomLintPlugin (package:custom_lint/src/v2/custom_lint_analyzer_plugin.dart:360:23)
<asynchronous suspension>
#8      CustomLintServer._handleAnalysisSetContextRoots.<anonymous closure> (package:custom_lint/src/v2/custom_lint_analyzer_plugin.dart:341:9)
<asynchronous suspension>
#9      PendingOperation.run (package:custom_lint/src/async_operation.dart:22:14)
<asynchronous suspension>
#10     CustomLintServer._handleRequest (package:custom_lint/src/v2/custom_lint_analyzer_plugin.dart:173:22)
<asynchronous suspension>

The request analysis.setSubscriptions failed with the following error:
RequestErrorCode.PLUGIN_ERROR
The plugin uni_lint was not found in the package config at /home/pinho/Repos/uni/packages/uni_ui. Make sure to run `pub get` first.
at:
#0      CustomLintProject.parse.<anonymous closure> (package:custom_lint/src/workspace.dart:932:11)
#1      MappedIterator.moveNext (dart:_internal/iterable.dart:403:20)
#2      Future.wait (dart:async/future.dart:532:26)
#3      CustomLintProject.parse (package:custom_lint/src/workspace.dart:927:34)
<asynchronous suspension>
#4      Future.wait.<anonymous closure> (dart:async/future.dart:534:21)
<asynchronous suspension>
#5      CustomLintWorkspace.fromContextRoots (package:custom_lint/src/workspace.dart:505:22)
<asynchronous suspension>
#6      SocketCustomLintServerToClientChannel.create (package:custom_lint/src/v2/server_to_client_channel.dart:54:23)
<asynchronous suspension>
#7      CustomLintServer._maybeSpawnCustomLintPlugin (package:custom_lint/src/v2/custom_lint_analyzer_plugin.dart:360:23)
<asynchronous suspension>
#8      CustomLintServer._handleAnalysisSetContextRoots.<anonymous closure> (package:custom_lint/src/v2/custom_lint_analyzer_plugin.dart:341:9)
<asynchronous suspension>
#9      PendingOperation.run (package:custom_lint/src/async_operation.dart:22:14)
<asynchronous suspension>
#10     CustomLintServer._handleRequest (package:custom_lint/src/v2/custom_lint_analyzer_plugin.dart:173:22)
<asynchronous suspension>

The request analysis.setPriorityFiles failed with the following error:
RequestErrorCode.PLUGIN_ERROR
The plugin uni_lint was not found in the package config at /home/pinho/Repos/uni/packages/uni_ui. Make sure to run `pub get` first.
at:
#0      CustomLintProject.parse.<anonymous closure> (package:custom_lint/src/workspace.dart:932:11)
#1      MappedIterator.moveNext (dart:_internal/iterable.dart:403:20)
#2      Future.wait (dart:async/future.dart:532:26)
#3      CustomLintProject.parse (package:custom_lint/src/workspace.dart:927:34)
<asynchronous suspension>
#4      Future.wait.<anonymous closure> (dart:async/future.dart:534:21)
<asynchronous suspension>
#5      CustomLintWorkspace.fromContextRoots (package:custom_lint/src/workspace.dart:505:22)
<asynchronous suspension>
#6      SocketCustomLintServerToClientChannel.create (package:custom_lint/src/v2/server_to_client_channel.dart:54:23)
<asynchronous suspension>
#7      CustomLintServer._maybeSpawnCustomLintPlugin (package:custom_lint/src/v2/custom_lint_analyzer_plugin.dart:360:23)
<asynchronous suspension>
#8      CustomLintServer._handleAnalysisSetContextRoots.<anonymous closure> (package:custom_lint/src/v2/custom_lint_analyzer_plugin.dart:341:9)
<asynchronous suspension>
#9      PendingOperation.run (package:custom_lint/src/async_operation.dart:22:14)
<asynchronous suspension>
#10     CustomLintServer._handleRequest (package:custom_lint/src/v2/custom_lint_analyzer_plugin.dart:173:22)
<asynchronous suspension>

The request analysis.setSubscriptions failed with the following error:
RequestErrorCode.PLUGIN_ERROR
The plugin uni_lint was not found in the package config at /home/pinho/Repos/uni/packages/uni_ui. Make sure to run `pub get` first.
at:
#0      CustomLintProject.parse.<anonymous closure> (package:custom_lint/src/workspace.dart:932:11)
#1      MappedIterator.moveNext (dart:_internal/iterable.dart:403:20)
#2      Future.wait (dart:async/future.dart:532:26)
#3      CustomLintProject.parse (package:custom_lint/src/workspace.dart:927:34)
<asynchronous suspension>
#4      Future.wait.<anonymous closure> (dart:async/future.dart:534:21)
<asynchronous suspension>
#5      CustomLintWorkspace.fromContextRoots (package:custom_lint/src/workspace.dart:505:22)
<asynchronous suspension>
#6      SocketCustomLintServerToClientChannel.create (package:custom_lint/src/v2/server_to_client_channel.dart:54:23)
<asynchronous suspension>
#7      CustomLintServer._maybeSpawnCustomLintPlugin (package:custom_lint/src/v2/custom_lint_analyzer_plugin.dart:360:23)
<asynchronous suspension>
#8      CustomLintServer._handleAnalysisSetContextRoots.<anonymous closure> (package:custom_lint/src/v2/custom_lint_analyzer_plugin.dart:341:9)
<asynchronous suspension>
#9      PendingOperation.run (package:custom_lint/src/async_operation.dart:22:14)
<asynchronous suspension>
#10     CustomLintServer._handleRequest (package:custom_lint/src/v2/custom_lint_analyzer_plugin.dart:173:22)
<asynchronous suspension>

The request analysis.setContextRoots failed with the following error:
RequestErrorCode.PLUGIN_ERROR
The plugin uni_lint was not found in the package config at /home/pinho/Repos/uni/packages/uni_ui. Make sure to run `pub get` first.
at:
#0      CustomLintProject.parse.<anonymous closure> (package:custom_lint/src/workspace.dart:932:11)
#1      MappedIterator.moveNext (dart:_internal/iterable.dart:403:20)
#2      Future.wait (dart:async/future.dart:532:26)
#3      CustomLintProject.parse (package:custom_lint/src/workspace.dart:927:34)
<asynchronous suspension>
#4      Future.wait.<anonymous closure> (dart:async/future.dart:534:21)
<asynchronous suspension>
#5      CustomLintWorkspace.fromContextRoots (package:custom_lint/src/workspace.dart:505:22)
<asynchronous suspension>
#6      SocketCustomLintServerToClientChannel.create (package:custom_lint/src/v2/server_to_client_channel.dart:54:23)
<asynchronous suspension>
#7      CustomLintServer._maybeSpawnCustomLintPlugin (package:custom_lint/src/v2/custom_lint_analyzer_plugin.dart:360:23)
<asynchronous suspension>
#8      CustomLintServer._handleAnalysisSetContextRoots.<anonymous closure> (package:custom_lint/src/v2/custom_lint_analyzer_plugin.dart:341:9)
<asynchronous suspension>
#9      PendingOperation.run (package:custom_lint/src/async_operation.dart:22:14)
<asynchronous suspension>
#10     CustomLintServer._handleRequest (package:custom_lint/src/v2/custom_lint_analyzer_plugin.dart:173:22)
<asynchronous suspension>

The request analysis.setSubscriptions failed with the following error:
RequestErrorCode.PLUGIN_ERROR
The plugin uni_lint was not found in the package config at /home/pinho/Repos/uni/packages/uni_ui. Make sure to run `pub get` first.
at:
#0      CustomLintProject.parse.<anonymous closure> (package:custom_lint/src/workspace.dart:932:11)
#1      MappedIterator.moveNext (dart:_internal/iterable.dart:403:20)
#2      Future.wait (dart:async/future.dart:532:26)
#3      CustomLintProject.parse (package:custom_lint/src/workspace.dart:927:34)
<asynchronous suspension>
#4      Future.wait.<anonymous closure> (dart:async/future.dart:534:21)
<asynchronous suspension>
#5      CustomLintWorkspace.fromContextRoots (package:custom_lint/src/workspace.dart:505:22)
<asynchronous suspension>
#6      SocketCustomLintServerToClientChannel.create (package:custom_lint/src/v2/server_to_client_channel.dart:54:23)
<asynchronous suspension>
#7      CustomLintServer._maybeSpawnCustomLintPlugin (package:custom_lint/src/v2/custom_lint_analyzer_plugin.dart:360:23)
<asynchronous suspension>
#8      CustomLintServer._handleAnalysisSetContextRoots.<anonymous closure> (package:custom_lint/src/v2/custom_lint_analyzer_plugin.dart:341:9)
<asynchronous suspension>
#9      PendingOperation.run (package:custom_lint/src/async_operation.dart:22:14)
<asynchronous suspension>
#10     CustomLintServer._handleRequest (package:custom_lint/src/v2/custom_lint_analyzer_plugin.dart:173:22)
<asynchronous suspension>

The request analysis.setPriorityFiles failed with the following error:
RequestErrorCode.PLUGIN_ERROR
The plugin uni_lint was not found in the package config at /home/pinho/Repos/uni/packages/uni_ui. Make sure to run `pub get` first.
at:
#0      CustomLintProject.parse.<anonymous closure> (package:custom_lint/src/workspace.dart:932:11)
#1      MappedIterator.moveNext (dart:_internal/iterable.dart:403:20)
#2      Future.wait (dart:async/future.dart:532:26)
#3      CustomLintProject.parse (package:custom_lint/src/workspace.dart:927:34)
<asynchronous suspension>
#4      Future.wait.<anonymous closure> (dart:async/future.dart:534:21)
<asynchronous suspension>
#5      CustomLintWorkspace.fromContextRoots (package:custom_lint/src/workspace.dart:505:22)
<asynchronous suspension>
#6      SocketCustomLintServerToClientChannel.create (package:custom_lint/src/v2/server_to_client_channel.dart:54:23)
<asynchronous suspension>
#7      CustomLintServer._maybeSpawnCustomLintPlugin (package:custom_lint/src/v2/custom_lint_analyzer_plugin.dart:360:23)
<asynchronous suspension>
#8      CustomLintServer._handleAnalysisSetContextRoots.<anonymous closure> (package:custom_lint/src/v2/custom_lint_analyzer_plugin.dart:341:9)
<asynchronous suspension>
#9      PendingOperation.run (package:custom_lint/src/async_operation.dart:22:14)
<asynchronous suspension>
#10     CustomLintServer._handleRequest (package:custom_lint/src/v2/custom_lint_analyzer_plugin.dart:173:22)
<asynchronous suspension>

The request analysis.setPriorityFiles failed with the following error:
RequestErrorCode.PLUGIN_ERROR
The plugin uni_lint was not found in the package config at /home/pinho/Repos/uni/packages/uni_ui. Make sure to run `pub get` first.
at:
#0      CustomLintProject.parse.<anonymous closure> (package:custom_lint/src/workspace.dart:932:11)
#1      MappedIterator.moveNext (dart:_internal/iterable.dart:403:20)
#2      Future.wait (dart:async/future.dart:532:26)
#3      CustomLintProject.parse (package:custom_lint/src/workspace.dart:927:34)
<asynchronous suspension>
#4      Future.wait.<anonymous closure> (dart:async/future.dart:534:21)
<asynchronous suspension>
#5      CustomLintWorkspace.fromContextRoots (package:custom_lint/src/workspace.dart:505:22)
<asynchronous suspension>
#6      SocketCustomLintServerToClientChannel.create (package:custom_lint/src/v2/server_to_client_channel.dart:54:23)
<asynchronous suspension>
#7      CustomLintServer._maybeSpawnCustomLintPlugin (package:custom_lint/src/v2/custom_lint_analyzer_plugin.dart:360:23)
<asynchronous suspension>
#8      CustomLintServer._handleAnalysisSetContextRoots.<anonymous closure> (package:custom_lint/src/v2/custom_lint_analyzer_plugin.dart:341:9)
<asynchronous suspension>
#9      PendingOperation.run (package:custom_lint/src/async_operation.dart:22:14)
<asynchronous suspension>
#10     CustomLintServer._handleRequest (package:custom_lint/src/v2/custom_lint_analyzer_plugin.dart:173:22)
<asynchronous suspension>

The request analysis.setSubscriptions failed with the following error:
RequestErrorCode.PLUGIN_ERROR
The plugin uni_lint was not found in the package config at /home/pinho/Repos/uni/packages/uni_ui. Make sure to run `pub get` first.
at:
#0      CustomLintProject.parse.<anonymous closure> (package:custom_lint/src/workspace.dart:932:11)
#1      MappedIterator.moveNext (dart:_internal/iterable.dart:403:20)
#2      Future.wait (dart:async/future.dart:532:26)
#3      CustomLintProject.parse (package:custom_lint/src/workspace.dart:927:34)
<asynchronous suspension>
#4      Future.wait.<anonymous closure> (dart:async/future.dart:534:21)
<asynchronous suspension>
#5      CustomLintWorkspace.fromContextRoots (package:custom_lint/src/workspace.dart:505:22)
<asynchronous suspension>
#6      SocketCustomLintServerToClientChannel.create (package:custom_lint/src/v2/server_to_client_channel.dart:54:23)
<asynchronous suspension>
#7      CustomLintServer._maybeSpawnCustomLintPlugin (package:custom_lint/src/v2/custom_lint_analyzer_plugin.dart:360:23)
<asynchronous suspension>
#8      CustomLintServer._handleAnalysisSetContextRoots.<anonymous closure> (package:custom_lint/src/v2/custom_lint_analyzer_plugin.dart:341:9)
<asynchronous suspension>
#9      PendingOperation.run (package:custom_lint/src/async_operation.dart:22:14)
<asynchronous suspension>
#10     CustomLintServer._handleRequest (package:custom_lint/src/v2/custom_lint_analyzer_plugin.dart:173:22)
<asynchronous suspension>

The request analysis.setContextRoots failed with the following error:
RequestErrorCode.PLUGIN_ERROR
The plugin uni_lint was not found in the package config at /home/pinho/Repos/uni/packages/uni_ui. Make sure to run `pub get` first.
at:
#0      CustomLintProject.parse.<anonymous closure> (package:custom_lint/src/workspace.dart:932:11)
#1      MappedIterator.moveNext (dart:_internal/iterable.dart:403:20)
#2      Future.wait (dart:async/future.dart:532:26)
#3      CustomLintProject.parse (package:custom_lint/src/workspace.dart:927:34)
<asynchronous suspension>
#4      Future.wait.<anonymous closure> (dart:async/future.dart:534:21)
<asynchronous suspension>
#5      CustomLintWorkspace.fromContextRoots (package:custom_lint/src/workspace.dart:505:22)
<asynchronous suspension>
#6      SocketCustomLintServerToClientChannel.create (package:custom_lint/src/v2/server_to_client_channel.dart:54:23)
<asynchronous suspension>
#7      CustomLintServer._maybeSpawnCustomLintPlugin (package:custom_lint/src/v2/custom_lint_analyzer_plugin.dart:360:23)
<asynchronous suspension>
#8      CustomLintServer._handleAnalysisSetContextRoots.<anonymous closure> (package:custom_lint/src/v2/custom_lint_analyzer_plugin.dart:341:9)
<asynchronous suspension>
#9      PendingOperation.run (package:custom_lint/src/async_operation.dart:22:14)
<asynchronous suspension>
#10     CustomLintServer._handleRequest (package:custom_lint/src/v2/custom_lint_analyzer_plugin.dart:173:22)
<asynchronous suspension>

The request analysis.setSubscriptions failed with the following error:
RequestErrorCode.PLUGIN_ERROR
The plugin uni_lint was not found in the package config at /home/pinho/Repos/uni/packages/uni_ui. Make sure to run `pub get` first.
at:
#0      CustomLintProject.parse.<anonymous closure> (package:custom_lint/src/workspace.dart:932:11)
#1      MappedIterator.moveNext (dart:_internal/iterable.dart:403:20)
#2      Future.wait (dart:async/future.dart:532:26)
#3      CustomLintProject.parse (package:custom_lint/src/workspace.dart:927:34)
<asynchronous suspension>
#4      Future.wait.<anonymous closure> (dart:async/future.dart:534:21)
<asynchronous suspension>
#5      CustomLintWorkspace.fromContextRoots (package:custom_lint/src/workspace.dart:505:22)
<asynchronous suspension>
#6      SocketCustomLintServerToClientChannel.create (package:custom_lint/src/v2/server_to_client_channel.dart:54:23)
<asynchronous suspension>
#7      CustomLintServer._maybeSpawnCustomLintPlugin (package:custom_lint/src/v2/custom_lint_analyzer_plugin.dart:360:23)
<asynchronous suspension>
#8      CustomLintServer._handleAnalysisSetContextRoots.<anonymous closure> (package:custom_lint/src/v2/custom_lint_analyzer_plugin.dart:341:9)
<asynchronous suspension>
#9      PendingOperation.run (package:custom_lint/src/async_operation.dart:22:14)
<asynchronous suspension>
#10     CustomLintServer._handleRequest (package:custom_lint/src/v2/custom_lint_analyzer_plugin.dart:173:22)
<asynchronous suspension>

The request analysis.setPriorityFiles failed with the following error:
RequestErrorCode.PLUGIN_ERROR
The plugin uni_lint was not found in the package config at /home/pinho/Repos/uni/packages/uni_ui. Make sure to run `pub get` first.
at:
#0      CustomLintProject.parse.<anonymous closure> (package:custom_lint/src/workspace.dart:932:11)
#1      MappedIterator.moveNext (dart:_internal/iterable.dart:403:20)
#2      Future.wait (dart:async/future.dart:532:26)
#3      CustomLintProject.parse (package:custom_lint/src/workspace.dart:927:34)
<asynchronous suspension>
#4      Future.wait.<anonymous closure> (dart:async/future.dart:534:21)
<asynchronous suspension>
#5      CustomLintWorkspace.fromContextRoots (package:custom_lint/src/workspace.dart:505:22)
<asynchronous suspension>
#6      SocketCustomLintServerToClientChannel.create (package:custom_lint/src/v2/server_to_client_channel.dart:54:23)
<asynchronous suspension>
#7      CustomLintServer._maybeSpawnCustomLintPlugin (package:custom_lint/src/v2/custom_lint_analyzer_plugin.dart:360:23)
<asynchronous suspension>
#8      CustomLintServer._handleAnalysisSetContextRoots.<anonymous closure> (package:custom_lint/src/v2/custom_lint_analyzer_plugin.dart:341:9)
<asynchronous suspension>
#9      PendingOperation.run (package:custom_lint/src/async_operation.dart:22:14)
<asynchronous suspension>
#10     CustomLintServer._handleRequest (package:custom_lint/src/v2/custom_lint_analyzer_plugin.dart:173:22)
<asynchronous suspension>

The request analysis.setPriorityFiles failed with the following error:
RequestErrorCode.PLUGIN_ERROR
The plugin uni_lint was not found in the package config at /home/pinho/Repos/uni/packages/uni_ui. Make sure to run `pub get` first.
at:
#0      CustomLintProject.parse.<anonymous closure> (package:custom_lint/src/workspace.dart:932:11)
#1      MappedIterator.moveNext (dart:_internal/iterable.dart:403:20)
#2      Future.wait (dart:async/future.dart:532:26)
#3      CustomLintProject.parse (package:custom_lint/src/workspace.dart:927:34)
<asynchronous suspension>
#4      Future.wait.<anonymous closure> (dart:async/future.dart:534:21)
<asynchronous suspension>
#5      CustomLintWorkspace.fromContextRoots (package:custom_lint/src/workspace.dart:505:22)
<asynchronous suspension>
#6      SocketCustomLintServerToClientChannel.create (package:custom_lint/src/v2/server_to_client_channel.dart:54:23)
<asynchronous suspension>
#7      CustomLintServer._maybeSpawnCustomLintPlugin (package:custom_lint/src/v2/custom_lint_analyzer_plugin.dart:360:23)
<asynchronous suspension>
#8      CustomLintServer._handleAnalysisSetContextRoots.<anonymous closure> (package:custom_lint/src/v2/custom_lint_analyzer_plugin.dart:341:9)
<asynchronous suspension>
#9      PendingOperation.run (package:custom_lint/src/async_operation.dart:22:14)
<asynchronous suspension>
#10     CustomLintServer._handleRequest (package:custom_lint/src/v2/custom_lint_analyzer_plugin.dart:173:22)
<asynchronous suspension>

The request analysis.setSubscriptions failed with the following error:
RequestErrorCode.PLUGIN_ERROR
The plugin uni_lint was not found in the package config at /home/pinho/Repos/uni/packages/uni_ui. Make sure to run `pub get` first.
at:
#0      CustomLintProject.parse.<anonymous closure> (package:custom_lint/src/workspace.dart:932:11)
#1      MappedIterator.moveNext (dart:_internal/iterable.dart:403:20)
#2      Future.wait (dart:async/future.dart:532:26)
#3      CustomLintProject.parse (package:custom_lint/src/workspace.dart:927:34)
<asynchronous suspension>
#4      Future.wait.<anonymous closure> (dart:async/future.dart:534:21)
<asynchronous suspension>
#5      CustomLintWorkspace.fromContextRoots (package:custom_lint/src/workspace.dart:505:22)
<asynchronous suspension>
#6      SocketCustomLintServerToClientChannel.create (package:custom_lint/src/v2/server_to_client_channel.dart:54:23)
<asynchronous suspension>
#7      CustomLintServer._maybeSpawnCustomLintPlugin (package:custom_lint/src/v2/custom_lint_analyzer_plugin.dart:360:23)
<asynchronous suspension>
#8      CustomLintServer._handleAnalysisSetContextRoots.<anonymous closure> (package:custom_lint/src/v2/custom_lint_analyzer_plugin.dart:341:9)
<asynchronous suspension>
#9      PendingOperation.run (package:custom_lint/src/async_operation.dart:22:14)
<asynchronous suspension>
#10     CustomLintServer._handleRequest (package:custom_lint/src/v2/custom_lint_analyzer_plugin.dart:173:22)
<asynchronous suspension>

The request analysis.setPriorityFiles failed with the following error:
RequestErrorCode.PLUGIN_ERROR
The plugin uni_lint was not found in the package config at /home/pinho/Repos/uni/packages/uni_ui. Make sure to run `pub get` first.
at:
#0      CustomLintProject.parse.<anonymous closure> (package:custom_lint/src/workspace.dart:932:11)
#1      MappedIterator.moveNext (dart:_internal/iterable.dart:403:20)
#2      Future.wait (dart:async/future.dart:532:26)
#3      CustomLintProject.parse (package:custom_lint/src/workspace.dart:927:34)
<asynchronous suspension>
#4      Future.wait.<anonymous closure> (dart:async/future.dart:534:21)
<asynchronous suspension>
#5      CustomLintWorkspace.fromContextRoots (package:custom_lint/src/workspace.dart:505:22)
<asynchronous suspension>
#6      SocketCustomLintServerToClientChannel.create (package:custom_lint/src/v2/server_to_client_channel.dart:54:23)
<asynchronous suspension>
#7      CustomLintServer._maybeSpawnCustomLintPlugin (package:custom_lint/src/v2/custom_lint_analyzer_plugin.dart:360:23)
<asynchronous suspension>
#8      CustomLintServer._handleAnalysisSetContextRoots.<anonymous closure> (package:custom_lint/src/v2/custom_lint_analyzer_plugin.dart:341:9)
<asynchronous suspension>
#9      PendingOperation.run (package:custom_lint/src/async_operation.dart:22:14)
<asynchronous suspension>
#10     CustomLintServer._handleRequest (package:custom_lint/src/v2/custom_lint_analyzer_plugin.dart:173:22)
<asynchronous suspension>

The request analysis.setSubscriptions failed with the following error:
RequestErrorCode.PLUGIN_ERROR
The plugin uni_lint was not found in the package config at /home/pinho/Repos/uni/packages/uni_ui. Make sure to run `pub get` first.
at:
#0      CustomLintProject.parse.<anonymous closure> (package:custom_lint/src/workspace.dart:932:11)
#1      MappedIterator.moveNext (dart:_internal/iterable.dart:403:20)
#2      Future.wait (dart:async/future.dart:532:26)
#3      CustomLintProject.parse (package:custom_lint/src/workspace.dart:927:34)
<asynchronous suspension>
#4      Future.wait.<anonymous closure> (dart:async/future.dart:534:21)
<asynchronous suspension>
#5      CustomLintWorkspace.fromContextRoots (package:custom_lint/src/workspace.dart:505:22)
<asynchronous suspension>
#6      SocketCustomLintServerToClientChannel.create (package:custom_lint/src/v2/server_to_client_channel.dart:54:23)
<asynchronous suspension>
#7      CustomLintServer._maybeSpawnCustomLintPlugin (package:custom_lint/src/v2/custom_lint_analyzer_plugin.dart:360:23)
<asynchronous suspension>
#8      CustomLintServer._handleAnalysisSetContextRoots.<anonymous closure> (package:custom_lint/src/v2/custom_lint_analyzer_plugin.dart:341:9)
<asynchronous suspension>
#9      PendingOperation.run (package:custom_lint/src/async_operation.dart:22:14)
<asynchronous suspension>
#10     CustomLintServer._handleRequest (package:custom_lint/src/v2/custom_lint_analyzer_plugin.dart:173:22)
<asynchronous suspension>

The request analysis.setPriorityFiles failed with the following error:
RequestErrorCode.PLUGIN_ERROR
The plugin uni_lint was not found in the package config at /home/pinho/Repos/uni/packages/uni_ui. Make sure to run `pub get` first.
at:
#0      CustomLintProject.parse.<anonymous closure> (package:custom_lint/src/workspace.dart:932:11)
#1      MappedIterator.moveNext (dart:_internal/iterable.dart:403:20)
#2      Future.wait (dart:async/future.dart:532:26)
#3      CustomLintProject.parse (package:custom_lint/src/workspace.dart:927:34)
<asynchronous suspension>
#4      Future.wait.<anonymous closure> (dart:async/future.dart:534:21)
<asynchronous suspension>
#5      CustomLintWorkspace.fromContextRoots (package:custom_lint/src/workspace.dart:505:22)
<asynchronous suspension>
#6      SocketCustomLintServerToClientChannel.create (package:custom_lint/src/v2/server_to_client_channel.dart:54:23)
<asynchronous suspension>
#7      CustomLintServer._maybeSpawnCustomLintPlugin (package:custom_lint/src/v2/custom_lint_analyzer_plugin.dart:360:23)
<asynchronous suspension>
#8      CustomLintServer._handleAnalysisSetContextRoots.<anonymous closure> (package:custom_lint/src/v2/custom_lint_analyzer_plugin.dart:341:9)
<asynchronous suspension>
#9      PendingOperation.run (package:custom_lint/src/async_operation.dart:22:14)
<asynchronous suspension>
#10     CustomLintServer._handleRequest (package:custom_lint/src/v2/custom_lint_analyzer_plugin.dart:173:22)
<asynchronous suspension>

The request analysis.setSubscriptions failed with the following error:
RequestErrorCode.PLUGIN_ERROR
The plugin uni_lint was not found in the package config at /home/pinho/Repos/uni/packages/uni_ui. Make sure to run `pub get` first.
at:
#0      CustomLintProject.parse.<anonymous closure> (package:custom_lint/src/workspace.dart:932:11)
#1      MappedIterator.moveNext (dart:_internal/iterable.dart:403:20)
#2      Future.wait (dart:async/future.dart:532:26)
#3      CustomLintProject.parse (package:custom_lint/src/workspace.dart:927:34)
<asynchronous suspension>
#4      Future.wait.<anonymous closure> (dart:async/future.dart:534:21)
<asynchronous suspension>
#5      CustomLintWorkspace.fromContextRoots (package:custom_lint/src/workspace.dart:505:22)
<asynchronous suspension>
#6      SocketCustomLintServerToClientChannel.create (package:custom_lint/src/v2/server_to_client_channel.dart:54:23)
<asynchronous suspension>
#7      CustomLintServer._maybeSpawnCustomLintPlugin (package:custom_lint/src/v2/custom_lint_analyzer_plugin.dart:360:23)
<asynchronous suspension>
#8      CustomLintServer._handleAnalysisSetContextRoots.<anonymous closure> (package:custom_lint/src/v2/custom_lint_analyzer_plugin.dart:341:9)
<asynchronous suspension>
#9      PendingOperation.run (package:custom_lint/src/async_operation.dart:22:14)
<asynchronous suspension>
#10     CustomLintServer._handleRequest (package:custom_lint/src/v2/custom_lint_analyzer_plugin.dart:173:22)
<asynchronous suspension>

The request analysis.setContextRoots failed with the following error:
RequestErrorCode.PLUGIN_ERROR
The plugin uni_lint was not found in the package config at /home/pinho/Repos/uni/packages/uni_ui. Make sure to run `pub get` first.
at:
#0      CustomLintProject.parse.<anonymous closure> (package:custom_lint/src/workspace.dart:932:11)
#1      MappedIterator.moveNext (dart:_internal/iterable.dart:403:20)
#2      Future.wait (dart:async/future.dart:532:26)
#3      CustomLintProject.parse (package:custom_lint/src/workspace.dart:927:34)
<asynchronous suspension>
#4      Future.wait.<anonymous closure> (dart:async/future.dart:534:21)
<asynchronous suspension>
#5      CustomLintWorkspace.fromContextRoots (package:custom_lint/src/workspace.dart:505:22)
<asynchronous suspension>
#6      SocketCustomLintServerToClientChannel.create (package:custom_lint/src/v2/server_to_client_channel.dart:54:23)
<asynchronous suspension>
#7      CustomLintServer._maybeSpawnCustomLintPlugin (package:custom_lint/src/v2/custom_lint_analyzer_plugin.dart:360:23)
<asynchronous suspension>
#8      CustomLintServer._handleAnalysisSetContextRoots.<anonymous closure> (package:custom_lint/src/v2/custom_lint_analyzer_plugin.dart:341:9)
<asynchronous suspension>
#9      PendingOperation.run (package:custom_lint/src/async_operation.dart:22:14)
<asynchronous suspension>
#10     CustomLintServer._handleRequest (package:custom_lint/src/v2/custom_lint_analyzer_plugin.dart:173:22)
<asynchronous suspension>

The request analysis.setSubscriptions failed with the following error:
RequestErrorCode.PLUGIN_ERROR
The plugin uni_lint was not found in the package config at /home/pinho/Repos/uni/packages/uni_ui. Make sure to run `pub get` first.
at:
#0      CustomLintProject.parse.<anonymous closure> (package:custom_lint/src/workspace.dart:932:11)
#1      MappedIterator.moveNext (dart:_internal/iterable.dart:403:20)
#2      Future.wait (dart:async/future.dart:532:26)
#3      CustomLintProject.parse (package:custom_lint/src/workspace.dart:927:34)
<asynchronous suspension>
#4      Future.wait.<anonymous closure> (dart:async/future.dart:534:21)
<asynchronous suspension>
#5      CustomLintWorkspace.fromContextRoots (package:custom_lint/src/workspace.dart:505:22)
<asynchronous suspension>
#6      SocketCustomLintServerToClientChannel.create (package:custom_lint/src/v2/server_to_client_channel.dart:54:23)
<asynchronous suspension>
#7      CustomLintServer._maybeSpawnCustomLintPlugin (package:custom_lint/src/v2/custom_lint_analyzer_plugin.dart:360:23)
<asynchronous suspension>
#8      CustomLintServer._handleAnalysisSetContextRoots.<anonymous closure> (package:custom_lint/src/v2/custom_lint_analyzer_plugin.dart:341:9)
<asynchronous suspension>
#9      PendingOperation.run (package:custom_lint/src/async_operation.dart:22:14)
<asynchronous suspension>
#10     CustomLintServer._handleRequest (package:custom_lint/src/v2/custom_lint_analyzer_plugin.dart:173:22)
<asynchronous suspension>

The request analysis.setPriorityFiles failed with the following error:
RequestErrorCode.PLUGIN_ERROR
The plugin uni_lint was not found in the package config at /home/pinho/Repos/uni/packages/uni_ui. Make sure to run `pub get` first.
at:
#0      CustomLintProject.parse.<anonymous closure> (package:custom_lint/src/workspace.dart:932:11)
#1      MappedIterator.moveNext (dart:_internal/iterable.dart:403:20)
#2      Future.wait (dart:async/future.dart:532:26)
#3      CustomLintProject.parse (package:custom_lint/src/workspace.dart:927:34)
<asynchronous suspension>
#4      Future.wait.<anonymous closure> (dart:async/future.dart:534:21)
<asynchronous suspension>
#5      CustomLintWorkspace.fromContextRoots (package:custom_lint/src/workspace.dart:505:22)
<asynchronous suspension>
#6      SocketCustomLintServerToClientChannel.create (package:custom_lint/src/v2/server_to_client_channel.dart:54:23)
<asynchronous suspension>
#7      CustomLintServer._maybeSpawnCustomLintPlugin (package:custom_lint/src/v2/custom_lint_analyzer_plugin.dart:360:23)
<asynchronous suspension>
#8      CustomLintServer._handleAnalysisSetContextRoots.<anonymous closure> (package:custom_lint/src/v2/custom_lint_analyzer_plugin.dart:341:9)
<asynchronous suspension>
#9      PendingOperation.run (package:custom_lint/src/async_operation.dart:22:14)
<asynchronous suspension>
#10     CustomLintServer._handleRequest (package:custom_lint/src/v2/custom_lint_analyzer_plugin.dart:173:22)
<asynchronous suspension>

The request edit.getAssists failed with the following error:
RequestErrorCode.PLUGIN_ERROR
The plugin uni_lint was not found in the package config at /home/pinho/Repos/uni/packages/uni_ui. Make sure to run `pub get` first.
at:
#0      CustomLintProject.parse.<anonymous closure> (package:custom_lint/src/workspace.dart:932:11)
#1      MappedIterator.moveNext (dart:_internal/iterable.dart:403:20)
#2      Future.wait (dart:async/future.dart:532:26)
#3      CustomLintProject.parse (package:custom_lint/src/workspace.dart:927:34)
<asynchronous suspension>
#4      Future.wait.<anonymous closure> (dart:async/future.dart:534:21)
<asynchronous suspension>
#5      CustomLintWorkspace.fromContextRoots (package:custom_lint/src/workspace.dart:505:22)
<asynchronous suspension>
#6      SocketCustomLintServerToClientChannel.create (package:custom_lint/src/v2/server_to_client_channel.dart:54:23)
<asynchronous suspension>
#7      CustomLintServer._maybeSpawnCustomLintPlugin (package:custom_lint/src/v2/custom_lint_analyzer_plugin.dart:360:23)
<asynchronous suspension>
#8      CustomLintServer._handleAnalysisSetContextRoots.<anonymous closure> (package:custom_lint/src/v2/custom_lint_analyzer_plugin.dart:341:9)
<asynchronous suspension>
#9      PendingOperation.run (package:custom_lint/src/async_operation.dart:22:14)
<asynchronous suspension>
#10     CustomLintServer._handleRequest (package:custom_lint/src/v2/custom_lint_analyzer_plugin.dart:173:22)
<asynchronous suspension>

The request edit.getAssists failed with the following error:
RequestErrorCode.PLUGIN_ERROR
The plugin uni_lint was not found in the package config at /home/pinho/Repos/uni/packages/uni_ui. Make sure to run `pub get` first.
at:
#0      CustomLintProject.parse.<anonymous closure> (package:custom_lint/src/workspace.dart:932:11)
#1      MappedIterator.moveNext (dart:_internal/iterable.dart:403:20)
#2      Future.wait (dart:async/future.dart:532:26)
#3      CustomLintProject.parse (package:custom_lint/src/workspace.dart:927:34)
<asynchronous suspension>
#4      Future.wait.<anonymous closure> (dart:async/future.dart:534:21)
<asynchronous suspension>
#5      CustomLintWorkspace.fromContextRoots (package:custom_lint/src/workspace.dart:505:22)
<asynchronous suspension>
#6      SocketCustomLintServerToClientChannel.create (package:custom_lint/src/v2/server_to_client_channel.dart:54:23)
<asynchronous suspension>
#7      CustomLintServer._maybeSpawnCustomLintPlugin (package:custom_lint/src/v2/custom_lint_analyzer_plugin.dart:360:23)
<asynchronous suspension>
#8      CustomLintServer._handleAnalysisSetContextRoots.<anonymous closure> (package:custom_lint/src/v2/custom_lint_analyzer_plugin.dart:341:9)
<asynchronous suspension>
#9      PendingOperation.run (package:custom_lint/src/async_operation.dart:22:14)
<asynchronous suspension>
#10     CustomLintServer._handleRequest (package:custom_lint/src/v2/custom_lint_analyzer_plugin.dart:173:22)
<asynchronous suspension>

The request analysis.setPriorityFiles failed with the following error:
RequestErrorCode.PLUGIN_ERROR
The plugin uni_lint was not found in the package config at /home/pinho/Repos/uni/packages/uni_ui. Make sure to run `pub get` first.
at:
#0      CustomLintProject.parse.<anonymous closure> (package:custom_lint/src/workspace.dart:932:11)
#1      MappedIterator.moveNext (dart:_internal/iterable.dart:403:20)
#2      Future.wait (dart:async/future.dart:532:26)
#3      CustomLintProject.parse (package:custom_lint/src/workspace.dart:927:34)
<asynchronous suspension>
#4      Future.wait.<anonymous closure> (dart:async/future.dart:534:21)
<asynchronous suspension>
#5      CustomLintWorkspace.fromContextRoots (package:custom_lint/src/workspace.dart:505:22)
<asynchronous suspension>
#6      SocketCustomLintServerToClientChannel.create (package:custom_lint/src/v2/server_to_client_channel.dart:54:23)
<asynchronous suspension>
#7      CustomLintServer._maybeSpawnCustomLintPlugin (package:custom_lint/src/v2/custom_lint_analyzer_plugin.dart:360:23)
<asynchronous suspension>
#8      CustomLintServer._handleAnalysisSetContextRoots.<anonymous closure> (package:custom_lint/src/v2/custom_lint_analyzer_plugin.dart:341:9)
<asynchronous suspension>
#9      PendingOperation.run (package:custom_lint/src/async_operation.dart:22:14)
<asynchronous suspension>
#10     CustomLintServer._handleRequest (package:custom_lint/src/v2/custom_lint_analyzer_plugin.dart:173:22)
<asynchronous suspension>

The request analysis.setSubscriptions failed with the following error:
RequestErrorCode.PLUGIN_ERROR
The plugin uni_lint was not found in the package config at /home/pinho/Repos/uni/packages/uni_ui. Make sure to run `pub get` first.
at:
#0      CustomLintProject.parse.<anonymous closure> (package:custom_lint/src/workspace.dart:932:11)
#1      MappedIterator.moveNext (dart:_internal/iterable.dart:403:20)
#2      Future.wait (dart:async/future.dart:532:26)
#3      CustomLintProject.parse (package:custom_lint/src/workspace.dart:927:34)
<asynchronous suspension>
#4      Future.wait.<anonymous closure> (dart:async/future.dart:534:21)
<asynchronous suspension>
#5      CustomLintWorkspace.fromContextRoots (package:custom_lint/src/workspace.dart:505:22)
<asynchronous suspension>
#6      SocketCustomLintServerToClientChannel.create (package:custom_lint/src/v2/server_to_client_channel.dart:54:23)
<asynchronous suspension>
#7      CustomLintServer._maybeSpawnCustomLintPlugin (package:custom_lint/src/v2/custom_lint_analyzer_plugin.dart:360:23)
<asynchronous suspension>
#8      CustomLintServer._handleAnalysisSetContextRoots.<anonymous closure> (package:custom_lint/src/v2/custom_lint_analyzer_plugin.dart:341:9)
<asynchronous suspension>
#9      PendingOperation.run (package:custom_lint/src/async_operation.dart:22:14)
<asynchronous suspension>
#10     CustomLintServer._handleRequest (package:custom_lint/src/v2/custom_lint_analyzer_plugin.dart:173:22)
<asynchronous suspension>

The request analysis.setPriorityFiles failed with the following error:
RequestErrorCode.PLUGIN_ERROR
The plugin uni_lint was not found in the package config at /home/pinho/Repos/uni/packages/uni_ui. Make sure to run `pub get` first.
at:
#0      CustomLintProject.parse.<anonymous closure> (package:custom_lint/src/workspace.dart:932:11)
#1      MappedIterator.moveNext (dart:_internal/iterable.dart:403:20)
#2      Future.wait (dart:async/future.dart:532:26)
#3      CustomLintProject.parse (package:custom_lint/src/workspace.dart:927:34)
<asynchronous suspension>
#4      Future.wait.<anonymous closure> (dart:async/future.dart:534:21)
<asynchronous suspension>
#5      CustomLintWorkspace.fromContextRoots (package:custom_lint/src/workspace.dart:505:22)
<asynchronous suspension>
#6      SocketCustomLintServerToClientChannel.create (package:custom_lint/src/v2/server_to_client_channel.dart:54:23)
<asynchronous suspension>
#7      CustomLintServer._maybeSpawnCustomLintPlugin (package:custom_lint/src/v2/custom_lint_analyzer_plugin.dart:360:23)
<asynchronous suspension>
#8      CustomLintServer._handleAnalysisSetContextRoots.<anonymous closure> (package:custom_lint/src/v2/custom_lint_analyzer_plugin.dart:341:9)
<asynchronous suspension>
#9      PendingOperation.run (package:custom_lint/src/async_operation.dart:22:14)
<asynchronous suspension>
#10     CustomLintServer._handleRequest (package:custom_lint/src/v2/custom_lint_analyzer_plugin.dart:173:22)
<asynchronous suspension>

The request analysis.setSubscriptions failed with the following error:
RequestErrorCode.PLUGIN_ERROR
The plugin uni_lint was not found in the package config at /home/pinho/Repos/uni/packages/uni_ui. Make sure to run `pub get` first.
at:
#0      CustomLintProject.parse.<anonymous closure> (package:custom_lint/src/workspace.dart:932:11)
#1      MappedIterator.moveNext (dart:_internal/iterable.dart:403:20)
#2      Future.wait (dart:async/future.dart:532:26)
#3      CustomLintProject.parse (package:custom_lint/src/workspace.dart:927:34)
<asynchronous suspension>
#4      Future.wait.<anonymous closure> (dart:async/future.dart:534:21)
<asynchronous suspension>
#5      CustomLintWorkspace.fromContextRoots (package:custom_lint/src/workspace.dart:505:22)
<asynchronous suspension>
#6      SocketCustomLintServerToClientChannel.create (package:custom_lint/src/v2/server_to_client_channel.dart:54:23)
<asynchronous suspension>
#7      CustomLintServer._maybeSpawnCustomLintPlugin (package:custom_lint/src/v2/custom_lint_analyzer_plugin.dart:360:23)
<asynchronous suspension>
#8      CustomLintServer._handleAnalysisSetContextRoots.<anonymous closure> (package:custom_lint/src/v2/custom_lint_analyzer_plugin.dart:341:9)
<asynchronous suspension>
#9      PendingOperation.run (package:custom_lint/src/async_operation.dart:22:14)
<asynchronous suspension>
#10     CustomLintServer._handleRequest (package:custom_lint/src/v2/custom_lint_analyzer_plugin.dart:173:22)
<asynchronous suspension>

The request edit.getAssists failed with the following error:
RequestErrorCode.PLUGIN_ERROR
The plugin uni_lint was not found in the package config at /home/pinho/Repos/uni/packages/uni_ui. Make sure to run `pub get` first.
at:
#0      CustomLintProject.parse.<anonymous closure> (package:custom_lint/src/workspace.dart:932:11)
#1      MappedIterator.moveNext (dart:_internal/iterable.dart:403:20)
#2      Future.wait (dart:async/future.dart:532:26)
#3      CustomLintProject.parse (package:custom_lint/src/workspace.dart:927:34)
<asynchronous suspension>
#4      Future.wait.<anonymous closure> (dart:async/future.dart:534:21)
<asynchronous suspension>
#5      CustomLintWorkspace.fromContextRoots (package:custom_lint/src/workspace.dart:505:22)
<asynchronous suspension>
#6      SocketCustomLintServerToClientChannel.create (package:custom_lint/src/v2/server_to_client_channel.dart:54:23)
<asynchronous suspension>
#7      CustomLintServer._maybeSpawnCustomLintPlugin (package:custom_lint/src/v2/custom_lint_analyzer_plugin.dart:360:23)
<asynchronous suspension>
#8      CustomLintServer._handleAnalysisSetContextRoots.<anonymous closure> (package:custom_lint/src/v2/custom_lint_analyzer_plugin.dart:341:9)
<asynchronous suspension>
#9      PendingOperation.run (package:custom_lint/src/async_operation.dart:22:14)
<asynchronous suspension>
#10     CustomLintServer._handleRequest (package:custom_lint/src/v2/custom_lint_analyzer_plugin.dart:173:22)
<asynchronous suspension>

